This is pdfTeX, Version 3.1415926-2.5-1.40.14 (TeX Live 2013) (format=pdflatex 2013.5.30)  13 SEP 2014 19:16
entering extended mode
 restricted \write18 enabled.
 %&-line parsing enabled.
**hw3.tex
(./hw3.tex
LaTeX2e <2011/06/27>
Babel <3.9f> and hyphenation patterns for 78 languages loaded.
(../../../texCls/mayWithTeaser.cls

LaTeX Warning: You have requested document class `../../../texCls/mayWithTeaser
',
               but the document class provides `cwpWithTeaser'.

Document Class: cwpWithTeaser 2010/01/30 v2.0 LaTeX2e document class
\c@section=\count79
\c@subsection=\count80
\c@subsubsection=\count81
\@indentskip=\skip41
\smallindent=\skip42
\@footindent=\skip43
\@leftskip=\skip44
\teaserspace=\skip45
\c@dummy=\count82
(/usr/local/texlive/2013/texmf-dist/tex/latex/natbib/natbib.sty
Package: natbib 2010/09/13 8.31b (PWD, AO)
\bibhang=\skip46
\bibsep=\skip47
LaTeX Info: Redefining \cite on input line 694.
\c@NAT@ctr=\count83
)
LaTeX Info: Redefining \refname on input line 784.
\c@table=\count84
\c@figure=\count85
\mathindent=\dimen102

(/usr/local/texlive/2013/texmf-dist/tex/latex/graphics/graphicx.sty
Package: graphicx 1999/02/16 v1.0f Enhanced LaTeX Graphics (DPC,SPQR)

(/usr/local/texlive/2013/texmf-dist/tex/latex/graphics/keyval.sty
Package: keyval 1999/03/16 v1.13 key=value parser (DPC)
\KV@toks@=\toks14
)
(/usr/local/texlive/2013/texmf-dist/tex/latex/graphics/graphics.sty
Package: graphics 2009/02/05 v1.0o Standard LaTeX Graphics (DPC,SPQR)

(/usr/local/texlive/2013/texmf-dist/tex/latex/graphics/trig.sty
Package: trig 1999/03/16 v1.09 sin cos tan (DPC)
)
(/usr/local/texlive/2013/texmf-dist/tex/latex/latexconfig/graphics.cfg
File: graphics.cfg 2010/04/23 v1.9 graphics configuration of TeX Live
)
Package graphics Info: Driver file: pdftex.def on input line 91.

(/usr/local/texlive/2013/texmf-dist/tex/latex/pdftex-def/pdftex.def
File: pdftex.def 2011/05/27 v0.06d Graphics/color for pdfTeX

(/usr/local/texlive/2013/texmf-dist/tex/generic/oberdiek/infwarerr.sty
Package: infwarerr 2010/04/08 v1.3 Providing info/warning/error messages (HO)
)
(/usr/local/texlive/2013/texmf-dist/tex/generic/oberdiek/ltxcmds.sty
Package: ltxcmds 2011/11/09 v1.22 LaTeX kernel commands for general use (HO)
)
\Gread@gobject=\count86
))
\Gin@req@height=\dimen103
\Gin@req@width=\dimen104
)
(/usr/local/texlive/2013/texmf-dist/tex/latex/base/ifthen.sty
Package: ifthen 2001/05/26 v1.1c Standard LaTeX ifthen package (DPC)
)
(/usr/local/texlive/2013/texmf-dist/tex/latex/overpic/overpic.sty
Package: overpic 2010/09/13 v0.53  Overwriting graphics

Package: overpic v0.53 <2010/09/13> (RN)
(/usr/local/texlive/2013/texmf-dist/tex/latex/eepic/epic.sty
Enhancements to Picture Environment. Version 1.2 - Released June 1, 1986
\@@multicnt=\count87
\d@lta=\count88
\@delta=\dimen105
\@@delta=\dimen106
\@gridcnt=\count89
\@joinkind=\count90
\@dotgap=\dimen107
\@ddotgap=\dimen108
\@x@diff=\count91
\@y@diff=\count92
\x@diff=\dimen109
\y@diff=\dimen110
\@dotbox=\box26
\num@segments=\count93
\num@segmentsi=\count94
\@datafile=\read1
)
overpic: relative positioning in percent
)
\box@width=\skip48
 (/usr/local/texlive/2013/texmf-dist/tex/latex/subfig/subfig.sty
Package: subfig 2005/06/28 ver: 1.3 subfig package

(/usr/local/texlive/2013/texmf-dist/tex/latex/caption/caption.sty
Package: caption 2013/05/02 v3.3-89 Customizing captions (AR)

(/usr/local/texlive/2013/texmf-dist/tex/latex/caption/caption3.sty
Package: caption3 2013/05/02 v1.6-88 caption3 kernel (AR)
Package caption3 Info: TeX engine: e-TeX on input line 57.
\captionmargin=\dimen111
\captionmargin@=\dimen112
\captionwidth=\dimen113
\caption@tempdima=\dimen114
\caption@indent=\dimen115
\caption@parindent=\dimen116
\caption@hangindent=\dimen117
\abovecaptionskip=\skip49
\belowcaptionskip=\skip50
Package caption Info: Unknown document class (or package),
(caption)             standard defaults will be used.
)

Package caption Warning: Unsupported document class (or package) detected,
(caption)                usage of the caption package is not recommended.
See the caption package documentation for explanation.

Package caption Info: \@makecaption = undefined.
\c@ContinuedFloat=\count95
)
\c@KVtest=\count96
\sf@farskip=\skip51
\sf@captopadj=\dimen118
\sf@capskip=\skip52
\sf@nearskip=\skip53
\c@subfigure=\count97
\c@subfigure@save=\count98
\c@lofdepth=\count99
\c@subtable=\count100
\c@subtable@save=\count101
\c@lotdepth=\count102
\sf@top=\skip54
\sf@bottom=\skip55
)
\c@sub@fig=\count103
) (/usr/local/texlive/2013/texmf-dist/tex/latex/float/float.sty
Package: float 2001/11/08 v1.3d Float enhancements (AL)
\c@float@type=\count104
\float@exts=\toks15
\float@box=\box27
\@float@everytoks=\toks16
\@floatcapt=\box28
)
(/usr/local/texlive/2013/texmf-dist/tex/latex/wrapfig/wrapfig.sty
\wrapoverhang=\dimen119
\WF@size=\dimen120
\c@WF@wrappedlines=\count105
\WF@box=\box29
\WF@everypar=\toks17
Package: wrapfig 2003/01/31  v 3.6
)
(/usr/local/texlive/2013/texmf-dist/tex/latex/tools/xspace.sty
Package: xspace 2009/10/20 v1.13 Space after command names (DPC,MH)
)
(/usr/local/texlive/2013/texmf-dist/tex/latex/graphics/color.sty
Package: color 2005/11/14 v1.0j Standard LaTeX Color (DPC)

(/usr/local/texlive/2013/texmf-dist/tex/latex/latexconfig/color.cfg
File: color.cfg 2007/01/18 v1.5 color configuration of teTeX/TeXLive
)
Package color Info: Driver file: pdftex.def on input line 130.
)
(/usr/local/texlive/2013/texmf-dist/tex/latex/amsmath/amsmath.sty
Package: amsmath 2013/01/14 v2.14 AMS math features
\@mathmargin=\skip56

For additional information on amsmath, use the `?' option.
(/usr/local/texlive/2013/texmf-dist/tex/latex/amsmath/amstext.sty
Package: amstext 2000/06/29 v2.01

(/usr/local/texlive/2013/texmf-dist/tex/latex/amsmath/amsgen.sty
File: amsgen.sty 1999/11/30 v2.0
\@emptytoks=\toks18
\ex@=\dimen121
))
(/usr/local/texlive/2013/texmf-dist/tex/latex/amsmath/amsbsy.sty
Package: amsbsy 1999/11/29 v1.2d
\pmbraise@=\dimen122
)
(/usr/local/texlive/2013/texmf-dist/tex/latex/amsmath/amsopn.sty
Package: amsopn 1999/12/14 v2.01 operator names
)
\inf@bad=\count106
LaTeX Info: Redefining \frac on input line 210.
\uproot@=\count107
\leftroot@=\count108
LaTeX Info: Redefining \overline on input line 306.
\classnum@=\count109
\DOTSCASE@=\count110
LaTeX Info: Redefining \ldots on input line 378.
LaTeX Info: Redefining \dots on input line 381.
LaTeX Info: Redefining \cdots on input line 466.
\Mathstrutbox@=\box30
\strutbox@=\box31
\big@size=\dimen123
LaTeX Font Info:    Redeclaring font encoding OML on input line 566.
LaTeX Font Info:    Redeclaring font encoding OMS on input line 567.
\macc@depth=\count111
\c@MaxMatrixCols=\count112
\dotsspace@=\muskip10
\c@parentequation=\count113
\dspbrk@lvl=\count114
\tag@help=\toks19
\row@=\count115
\column@=\count116
\maxfields@=\count117
\andhelp@=\toks20
\eqnshift@=\dimen124
\alignsep@=\dimen125
\tagshift@=\dimen126
\tagwidth@=\dimen127
\totwidth@=\dimen128
\lineht@=\dimen129
\@envbody=\toks21
\multlinegap=\skip57
\multlinetaggap=\skip58
\mathdisplay@stack=\toks22
LaTeX Info: Redefining \[ on input line 2665.
LaTeX Info: Redefining \] on input line 2666.
)
(/usr/local/texlive/2013/texmf-dist/tex/latex/amsfonts/amssymb.sty
Package: amssymb 2013/01/14 v3.01 AMS font symbols

(/usr/local/texlive/2013/texmf-dist/tex/latex/amsfonts/amsfonts.sty
Package: amsfonts 2013/01/14 v3.01 Basic AMSFonts support
\symAMSa=\mathgroup4
\symAMSb=\mathgroup5
LaTeX Font Info:    Overwriting math alphabet `\mathfrak' in version `bold'
(Font)                  U/euf/m/n --> U/euf/b/n on input line 106.
))
(/usr/local/texlive/2013/texmf-dist/tex/latex/tools/bm.sty
Package: bm 2004/02/26 v1.1c Bold Symbol Support (DPC/FMi)
\symboldoperators=\mathgroup6
\symboldletters=\mathgroup7
\symboldsymbols=\mathgroup8
LaTeX Font Info:    Redeclaring math alphabet \mathbf on input line 138.
LaTeX Info: Redefining \bm on input line 204.
)
(/usr/local/texlive/2013/texmf-dist/tex/latex/appendix/appendix.sty
Package: appendix 2009/09/02 v1.2b extra appendix facilities
\c@@pps=\count118
\c@@ppsavesec=\count119
\c@@ppsaveapp=\count120
)
(/usr/local/texlive/2013/texmf-dist/tex/latex/l3packages/xfrac/xfrac.sty
(/usr/local/texlive/2013/texmf-dist/tex/latex/l3packages/l3keys2e/l3keys2e.sty
(/usr/local/texlive/2013/texmf-dist/tex/latex/l3kernel/expl3.sty
(/usr/local/texlive/2013/texmf-dist/tex/latex/l3kernel/l3names.sty
(/usr/local/texlive/2013/texmf-dist/tex/latex/l3kernel/l3bootstrap.sty
Package: l3bootstrap 2013/01/08 v4420 L3 Experimental bootstrap code
)
Package: l3names 2012/12/07 v4346 L3 Namespace for primitives
)
(/usr/local/texlive/2013/texmf-dist/tex/latex/etex-pkg/etex.sty
Package: etex 1998/03/26 v2.0 eTeX basic definition package (PEB)
\et@xins=\count121
)
Package: expl3 2013/03/14 v4469 L3 Experimental code bundle wrapper

(/usr/local/texlive/2013/texmf-dist/tex/latex/l3kernel/l3basics.sty
Package: l3basics 2013/01/10 v4428 L3 Basic definitions
)
(/usr/local/texlive/2013/texmf-dist/tex/latex/l3kernel/l3expan.sty
Package: l3expan 2013/02/03 v4458 L3 Argument expansion
)
(/usr/local/texlive/2013/texmf-dist/tex/latex/l3kernel/l3tl.sty
Package: l3tl 2013/01/08 v4415 L3 Token lists
)
(/usr/local/texlive/2013/texmf-dist/tex/latex/l3kernel/l3seq.sty
Package: l3seq 2013/01/12 v4434 L3 Sequences and stacks
)
(/usr/local/texlive/2013/texmf-dist/tex/latex/l3kernel/l3int.sty
Package: l3int 2013/01/13 v4444 L3 Integers
\c_max_int=\count122
\l_tmpa_int=\count123
\l_tmpb_int=\count124
\g_tmpa_int=\count125
\g_tmpb_int=\count126
)
(/usr/local/texlive/2013/texmf-dist/tex/latex/l3kernel/l3quark.sty
Package: l3quark 2012/11/04 v4268 L3 Quarks
)
(/usr/local/texlive/2013/texmf-dist/tex/latex/l3kernel/l3prg.sty
Package: l3prg 2013/02/13 v4459 L3 Control structures
\g__prg_map_int=\count127
)
(/usr/local/texlive/2013/texmf-dist/tex/latex/l3kernel/l3clist.sty
Package: l3clist 2013/01/08 v4414 L3 Comma separated lists
)
(/usr/local/texlive/2013/texmf-dist/tex/latex/l3kernel/l3token.sty
Package: l3token 2013/01/10 v4428 L3 Experimental token manipulation
)
(/usr/local/texlive/2013/texmf-dist/tex/latex/l3kernel/l3prop.sty
Package: l3prop 2013/01/09 v4423 L3 Property lists
)
(/usr/local/texlive/2013/texmf-dist/tex/latex/l3kernel/l3msg.sty
Package: l3msg 2013/01/08 v4412 L3 Messages
)
(/usr/local/texlive/2013/texmf-dist/tex/latex/l3kernel/l3file.sty
Package: l3file 2013/01/14 v4446 L3 File and I/O operations
\l_iow_line_count_int=\count128
\l__iow_target_count_int=\count129
\l__iow_current_line_int=\count130
\l__iow_current_word_int=\count131
\l__iow_current_indentation_int=\count132
)
(/usr/local/texlive/2013/texmf-dist/tex/latex/l3kernel/l3skip.sty
Package: l3skip 2013/01/13 v4444 L3 Dimensions and skips
\c_zero_dim=\dimen130
\c_max_dim=\dimen131
\l_tmpa_dim=\dimen132
\l_tmpb_dim=\dimen133
\g_tmpa_dim=\dimen134
\g_tmpb_dim=\dimen135
\c_zero_skip=\skip59
\c_max_skip=\skip60
\l_tmpa_skip=\skip61
\l_tmpb_skip=\skip62
\g_tmpa_skip=\skip63
\g_tmpb_skip=\skip64
\c_zero_muskip=\muskip11
\c_max_muskip=\muskip12
\l_tmpa_muskip=\muskip13
\l_tmpb_muskip=\muskip14
\g_tmpa_muskip=\muskip15
\g_tmpb_muskip=\muskip16
)
(/usr/local/texlive/2013/texmf-dist/tex/latex/l3kernel/l3keys.sty
Package: l3keys 2013/02/24 v4461 L3 Experimental key-value interfaces
\g__keyval_level_int=\count133
\l_keys_choice_int=\count134
)
(/usr/local/texlive/2013/texmf-dist/tex/latex/l3kernel/l3fp.sty
Package: l3fp 2013/01/19 v4449 L3 Floating points
\c__fp_leading_shift_int=\count135
\c__fp_middle_shift_int=\count136
\c__fp_trailing_shift_int=\count137
\c__fp_big_leading_shift_int=\count138
\c__fp_big_middle_shift_int=\count139
\c__fp_big_trailing_shift_int=\count140
\c__fp_Bigg_leading_shift_int=\count141
\c__fp_Bigg_middle_shift_int=\count142
\c__fp_Bigg_trailing_shift_int=\count143
)
(/usr/local/texlive/2013/texmf-dist/tex/latex/l3kernel/l3box.sty
Package: l3box 2013/01/08 v4411 L3 Experimental boxes
\c_empty_box=\box32
\l_tmpa_box=\box33
\l_tmpb_box=\box34
\g_tmpa_box=\box35
\g_tmpb_box=\box36
)
(/usr/local/texlive/2013/texmf-dist/tex/latex/l3kernel/l3coffins.sty
Package: l3coffins 2012/09/09 v4212 L3 Coffin code layer
\l__coffin_internal_box=\box37
\l__coffin_internal_dim=\dimen136
\l__coffin_offset_x_dim=\dimen137
\l__coffin_offset_y_dim=\dimen138
\l__coffin_x_dim=\dimen139
\l__coffin_y_dim=\dimen140
\l__coffin_x_prime_dim=\dimen141
\l__coffin_y_prime_dim=\dimen142
\c_empty_coffin=\box38
\l__coffin_aligned_coffin=\box39
\l__coffin_aligned_internal_coffin=\box40
\l_tmpa_coffin=\box41
\l_tmpb_coffin=\box42
\l__coffin_display_coffin=\box43
\l__coffin_display_coord_coffin=\box44
\l__coffin_display_pole_coffin=\box45
\l__coffin_display_offset_dim=\dimen143
\l__coffin_display_x_dim=\dimen144
\l__coffin_display_y_dim=\dimen145
)
(/usr/local/texlive/2013/texmf-dist/tex/latex/l3kernel/l3color.sty
Package: l3color 2012/08/29 v4156 L3 Experimental color support
)
(/usr/local/texlive/2013/texmf-dist/tex/latex/l3kernel/l3luatex.sty
Package: l3luatex 2012/08/03 v4049 L3 Experimental LuaTeX-specific functions
\g__cctab_allocate_int=\count144
\g__cctab_stack_int=\count145
)
(/usr/local/texlive/2013/texmf-dist/tex/latex/l3kernel/l3candidates.sty
Package: l3candidates 2013/03/14 v4468 L3 Experimental additions to l3kernel
\l__box_top_dim=\dimen146
\l__box_bottom_dim=\dimen147
\l__box_left_dim=\dimen148
\l__box_right_dim=\dimen149
\l__box_top_new_dim=\dimen150
\l__box_bottom_new_dim=\dimen151
\l__box_left_new_dim=\dimen152
\l__box_right_new_dim=\dimen153
\l__box_internal_box=\box46
\l__coffin_bounding_shift_dim=\dimen154
\l__coffin_left_corner_dim=\dimen155
\l__coffin_right_corner_dim=\dimen156
\l__coffin_bottom_corner_dim=\dimen157
\l__coffin_top_corner_dim=\dimen158
\l__coffin_scaled_total_height_dim=\dimen159
\l__coffin_scaled_width_dim=\dimen160
)
(/usr/local/texlive/2013/texmf-dist/tex/generic/oberdiek/ifpdf.sty
Package: ifpdf 2011/01/30 v2.3 Provides the ifpdf switch (HO)
Package ifpdf Info: pdfTeX in PDF mode is detected.
))
Package: l3keys2e 2013/03/12 v4467 LaTeX2e option processing using LaTeX3 keys
)
(/usr/local/texlive/2013/texmf-dist/tex/latex/base/textcomp.sty
Package: textcomp 2005/09/27 v1.99g Standard LaTeX package
Package textcomp Info: Sub-encoding information:
(textcomp)               5 = only ISO-Adobe without \textcurrency
(textcomp)               4 = 5 + \texteuro
(textcomp)               3 = 4 + \textohm
(textcomp)               2 = 3 + \textestimated + \textcurrency
(textcomp)               1 = TS1 - \textcircled - \t
(textcomp)               0 = TS1 (full)
(textcomp)             Font families with sub-encoding setting implement
(textcomp)             only a restricted character set as indicated.
(textcomp)             Family '?' is the default used for unknown fonts.
(textcomp)             See the documentation for details.
Package textcomp Info: Setting ? sub-encoding to TS1/1 on input line 71.

(/usr/local/texlive/2013/texmf-dist/tex/latex/base/ts1enc.def
File: ts1enc.def 2001/06/05 v3.0e (jk/car/fm) Standard LaTeX file
)
LaTeX Info: Redefining \oldstylenums on input line 266.
Package textcomp Info: Setting cmr sub-encoding to TS1/0 on input line 281.
Package textcomp Info: Setting cmss sub-encoding to TS1/0 on input line 282.
Package textcomp Info: Setting cmtt sub-encoding to TS1/0 on input line 283.
Package textcomp Info: Setting cmvtt sub-encoding to TS1/0 on input line 284.
Package textcomp Info: Setting cmbr sub-encoding to TS1/0 on input line 285.
Package textcomp Info: Setting cmtl sub-encoding to TS1/0 on input line 286.
Package textcomp Info: Setting ccr sub-encoding to TS1/0 on input line 287.
Package textcomp Info: Setting ptm sub-encoding to TS1/4 on input line 288.
Package textcomp Info: Setting pcr sub-encoding to TS1/4 on input line 289.
Package textcomp Info: Setting phv sub-encoding to TS1/4 on input line 290.
Package textcomp Info: Setting ppl sub-encoding to TS1/3 on input line 291.
Package textcomp Info: Setting pag sub-encoding to TS1/4 on input line 292.
Package textcomp Info: Setting pbk sub-encoding to TS1/4 on input line 293.
Package textcomp Info: Setting pnc sub-encoding to TS1/4 on input line 294.
Package textcomp Info: Setting pzc sub-encoding to TS1/4 on input line 295.
Package textcomp Info: Setting bch sub-encoding to TS1/4 on input line 296.
Package textcomp Info: Setting put sub-encoding to TS1/5 on input line 297.
Package textcomp Info: Setting uag sub-encoding to TS1/5 on input line 298.
Package textcomp Info: Setting ugq sub-encoding to TS1/5 on input line 299.
Package textcomp Info: Setting ul8 sub-encoding to TS1/4 on input line 300.
Package textcomp Info: Setting ul9 sub-encoding to TS1/4 on input line 301.
Package textcomp Info: Setting augie sub-encoding to TS1/5 on input line 302.
Package textcomp Info: Setting dayrom sub-encoding to TS1/3 on input line 303.
Package textcomp Info: Setting dayroms sub-encoding to TS1/3 on input line 304.

Package textcomp Info: Setting pxr sub-encoding to TS1/0 on input line 305.
Package textcomp Info: Setting pxss sub-encoding to TS1/0 on input line 306.
Package textcomp Info: Setting pxtt sub-encoding to TS1/0 on input line 307.
Package textcomp Info: Setting txr sub-encoding to TS1/0 on input line 308.
Package textcomp Info: Setting txss sub-encoding to TS1/0 on input line 309.
Package textcomp Info: Setting txtt sub-encoding to TS1/0 on input line 310.
Package textcomp Info: Setting lmr sub-encoding to TS1/0 on input line 311.
Package textcomp Info: Setting lmdh sub-encoding to TS1/0 on input line 312.
Package textcomp Info: Setting lmss sub-encoding to TS1/0 on input line 313.
Package textcomp Info: Setting lmssq sub-encoding to TS1/0 on input line 314.
Package textcomp Info: Setting lmvtt sub-encoding to TS1/0 on input line 315.
Package textcomp Info: Setting qhv sub-encoding to TS1/0 on input line 316.
Package textcomp Info: Setting qag sub-encoding to TS1/0 on input line 317.
Package textcomp Info: Setting qbk sub-encoding to TS1/0 on input line 318.
Package textcomp Info: Setting qcr sub-encoding to TS1/0 on input line 319.
Package textcomp Info: Setting qcs sub-encoding to TS1/0 on input line 320.
Package textcomp Info: Setting qpl sub-encoding to TS1/0 on input line 321.
Package textcomp Info: Setting qtm sub-encoding to TS1/0 on input line 322.
Package textcomp Info: Setting qzc sub-encoding to TS1/0 on input line 323.
Package textcomp Info: Setting qhvc sub-encoding to TS1/0 on input line 324.
Package textcomp Info: Setting futs sub-encoding to TS1/4 on input line 325.
Package textcomp Info: Setting futx sub-encoding to TS1/4 on input line 326.
Package textcomp Info: Setting futj sub-encoding to TS1/4 on input line 327.
Package textcomp Info: Setting hlh sub-encoding to TS1/3 on input line 328.
Package textcomp Info: Setting hls sub-encoding to TS1/3 on input line 329.
Package textcomp Info: Setting hlst sub-encoding to TS1/3 on input line 330.
Package textcomp Info: Setting hlct sub-encoding to TS1/5 on input line 331.
Package textcomp Info: Setting hlx sub-encoding to TS1/5 on input line 332.
Package textcomp Info: Setting hlce sub-encoding to TS1/5 on input line 333.
Package textcomp Info: Setting hlcn sub-encoding to TS1/5 on input line 334.
Package textcomp Info: Setting hlcw sub-encoding to TS1/5 on input line 335.
Package textcomp Info: Setting hlcf sub-encoding to TS1/5 on input line 336.
Package textcomp Info: Setting pplx sub-encoding to TS1/3 on input line 337.
Package textcomp Info: Setting pplj sub-encoding to TS1/3 on input line 338.
Package textcomp Info: Setting ptmx sub-encoding to TS1/4 on input line 339.
Package textcomp Info: Setting ptmj sub-encoding to TS1/4 on input line 340.
)
(/usr/local/texlive/2013/texmf-dist/tex/latex/l3packages/xparse/xparse.sty
Package: xparse 2013/03/12 v4467 L3 Experimental document command parser
\l__xparse_current_arg_int=\count146
\l__xparse_m_args_int=\count147
\l__xparse_mandatory_args_int=\count148
\l__xparse_processor_int=\count149
\l__xparse_v_nesting_int=\count150
)
(/usr/local/texlive/2013/texmf-dist/tex/latex/l3packages/xtemplate/xtemplate.st
y
Package: xtemplate 2013/03/12 v4467 L3 Experimental prototype document function
s
\l__xtemplate_tmp_dim=\dimen161
\l__xtemplate_tmp_int=\count151
\l__xtemplate_tmp_muskip=\muskip17
\l__xtemplate_tmp_skip=\skip65
Variant \prop_get:NoNTF already defined; not changing it on line 106
Variant \prop_get:NoNT already defined; not changing it on line 107
Variant \prop_get:NoNF already defined; not changing it on line 108
)
Package: xfrac 2012/11/09 v4299 L3 Experimental split-level fractions
\l__xfrac_slash_box=\box47
\l__xfrac_tmp_box=\box48
\l__xfrac_denominator_bot_sep_dim=\dimen162
\l__xfrac_numerator_bot_sep_dim=\dimen163
\l__xfrac_numerator_top_sep_dim=\dimen164
\l__xfrac_slash_left_sep_dim=\dimen165
\l__xfrac_slash_right_sep_dim=\dimen166
\l__xfrac_slash_left_muskip=\muskip18
\l__xfrac_slash_right_muskip=\muskip19
.................................................
. xtemplate info: "declare-object-type"
. 
. Declaring object type 'xfrac' taking 3 argument(s) on line 96.
.................................................
.................................................
. LaTeX info: "xparse/define-command"
. 
. Defining document command \sfrac with arg. spec. 'omom' on line 436.
.................................................
) (/usr/local/texlive/2013/texmf-dist/tex/latex/placeins/placeins.sty
Package: placeins 2005/04/18  v 2.2
)
(/usr/local/texlive/2013/texmf-dist/tex/latex/listings/listings.sty
\lst@mode=\count152
\lst@gtempboxa=\box49
\lst@token=\toks23
\lst@length=\count153
\lst@currlwidth=\dimen167
\lst@column=\count154
\lst@pos=\count155
\lst@lostspace=\dimen168
\lst@width=\dimen169
\lst@newlines=\count156
\lst@lineno=\count157
\lst@maxwidth=\dimen170

(/usr/local/texlive/2013/texmf-dist/tex/latex/listings/lstmisc.sty
File: lstmisc.sty 2007/02/22 1.4 (Carsten Heinz)
\c@lstnumber=\count158
\lst@skipnumbers=\count159
\lst@framebox=\box50
)
(/usr/local/texlive/2013/texmf-dist/tex/latex/listings/listings.cfg
File: listings.cfg 2007/02/22 1.4 listings configuration
))
Package: listings 2007/02/22 1.4 (Carsten Heinz)

(/usr/local/texlive/2013/texmf-dist/tex/latex/listings/lstlang1.sty
File: lstlang1.sty 2004/09/05 1.3 listings language file
)
(/usr/local/texlive/2013/texmf-dist/tex/latex/boxedminipage/boxedminipage.sty)
(./hw3.aux)
\openout1 = `hw3.aux'.

LaTeX Font Info:    Checking defaults for OML/cmm/m/it on input line 65.
LaTeX Font Info:    ... okay on input line 65.
LaTeX Font Info:    Checking defaults for T1/cmr/m/n on input line 65.
LaTeX Font Info:    ... okay on input line 65.
LaTeX Font Info:    Checking defaults for OT1/cmr/m/n on input line 65.
LaTeX Font Info:    ... okay on input line 65.
LaTeX Font Info:    Checking defaults for OMS/cmsy/m/n on input line 65.
LaTeX Font Info:    ... okay on input line 65.
LaTeX Font Info:    Checking defaults for OMX/cmex/m/n on input line 65.
LaTeX Font Info:    ... okay on input line 65.
LaTeX Font Info:    Checking defaults for U/cmr/m/n on input line 65.
LaTeX Font Info:    ... okay on input line 65.
LaTeX Font Info:    Checking defaults for TS1/cmr/m/n on input line 65.
LaTeX Font Info:    Try loading font information for TS1+cmr on input line 65.
 (/usr/local/texlive/2013/texmf-dist/tex/latex/base/ts1cmr.fd
File: ts1cmr.fd 1999/05/25 v2.5h Standard LaTeX font definitions
)
LaTeX Font Info:    ... okay on input line 65.

(/usr/local/texlive/2013/texmf-dist/tex/context/base/supp-pdf.mkii
[Loading MPS to PDF converter (version 2006.09.02).]
\scratchcounter=\count160
\scratchdimen=\dimen171
\scratchbox=\box51
\nofMPsegments=\count161
\nofMParguments=\count162
\everyMPshowfont=\toks24
\MPscratchCnt=\count163
\MPscratchDim=\dimen172
\MPnumerator=\count164
\makeMPintoPDFobject=\count165
\everyMPtoPDFconversion=\toks25
) (/usr/local/texlive/2013/texmf-dist/tex/generic/oberdiek/pdftexcmds.sty
Package: pdftexcmds 2011/11/29 v0.20 Utility functions of pdfTeX for LuaTeX (HO
)

(/usr/local/texlive/2013/texmf-dist/tex/generic/oberdiek/ifluatex.sty
Package: ifluatex 2010/03/01 v1.3 Provides the ifluatex switch (HO)
Package ifluatex Info: LuaTeX not detected.
)
Package pdftexcmds Info: LuaTeX not detected.
Package pdftexcmds Info: \pdf@primitive is available.
Package pdftexcmds Info: \pdf@ifprimitive is available.
Package pdftexcmds Info: \pdfdraftmode found.
)
(/usr/local/texlive/2013/texmf-dist/tex/latex/oberdiek/epstopdf-base.sty
Package: epstopdf-base 2010/02/09 v2.5 Base part for package epstopdf

(/usr/local/texlive/2013/texmf-dist/tex/latex/oberdiek/grfext.sty
Package: grfext 2010/08/19 v1.1 Manage graphics extensions (HO)

(/usr/local/texlive/2013/texmf-dist/tex/generic/oberdiek/kvdefinekeys.sty
Package: kvdefinekeys 2011/04/07 v1.3 Define keys (HO)
))
(/usr/local/texlive/2013/texmf-dist/tex/latex/oberdiek/kvoptions.sty
Package: kvoptions 2011/06/30 v3.11 Key value format for package options (HO)

(/usr/local/texlive/2013/texmf-dist/tex/generic/oberdiek/kvsetkeys.sty
Package: kvsetkeys 2012/04/25 v1.16 Key value parser (HO)

(/usr/local/texlive/2013/texmf-dist/tex/generic/oberdiek/etexcmds.sty
Package: etexcmds 2011/02/16 v1.5 Avoid name clashes with e-TeX commands (HO)
Package etexcmds Info: Could not find \expanded.
(etexcmds)             That can mean that you are not using pdfTeX 1.50 or
(etexcmds)             that some package has redefined \expanded.
(etexcmds)             In the latter case, load this package earlier.
)))
Package grfext Info: Graphics extension search list:
(grfext)             [.png,.pdf,.jpg,.mps,.jpeg,.jbig2,.jb2,.PNG,.PDF,.JPG,.JPE
G,.JBIG2,.JB2,.eps]
(grfext)             \AppendGraphicsExtensions on input line 452.

(/usr/local/texlive/2013/texmf-dist/tex/latex/latexconfig/epstopdf-sys.cfg
File: epstopdf-sys.cfg 2010/07/13 v1.3 Configuration of (r)epstopdf for TeX Liv
e
))
Package caption Info: Begin \AtBeginDocument code.
Package caption Info: subfig package v1.3 is loaded.
Package caption Info: float package is loaded.
Package caption Info: listings package is loaded.
Package caption Info: wrapfig package is loaded.
Package caption Info: End \AtBeginDocument code.
\c@lstlisting=\count166
LaTeX Font Info:    Try loading font information for U+msa on input line 73.

(/usr/local/texlive/2013/texmf-dist/tex/latex/amsfonts/umsa.fd
File: umsa.fd 2013/01/14 v3.01 AMS symbols A
)
LaTeX Font Info:    Try loading font information for U+msb on input line 73.

(/usr/local/texlive/2013/texmf-dist/tex/latex/amsfonts/umsb.fd
File: umsb.fd 2013/01/14 v3.01 AMS symbols B
) [1{/usr/local/texlive/2013/texmf-var/fonts/map/pdftex/updmap/pdftex.map}

] (./hw3.aux) ) 
Here is how much of TeX's memory you used:
 11755 strings out of 493315
 202300 string characters out of 6137904
 275074 words of memory out of 5000000
 15017 multiletter control sequences out of 15000+600000
 11156 words of font info for 41 fonts, out of 8000000 for 9000
 957 hyphenation exceptions out of 8191
 51i,7n,44p,305b,234s stack positions out of 5000i,500n,10000p,200000b,80000s
</usr/local/texlive/2013/texmf-dist/fonts/type1/public/amsfonts/
cm/cmbx12.pfb></usr/local/texlive/2013/texmf-dist/fonts/type1/public/amsfonts/c
m/cmr12.pfb></usr/local/texlive/2013/texmf-dist/fonts/type1/public/amsfonts/cm/
cmr8.pfb></usr/local/texlive/2013/texmf-dist/fonts/type1/public/amsfonts/cm/cmt
i10.pfb>
Output written on hw3.pdf (1 page, 51106 bytes).
PDF statistics:
 24 PDF objects out of 1000 (max. 8388607)
 16 compressed objects within 1 object stream
 0 named destinations out of 1000 (max. 500000)
 1 words of extra memory for PDF output out of 10000 (max. 10000000)

